<?xml version="1.0" encoding="UTF-8"?>
<!-- Generated by org.testng.reporters.JUnitXMLReporter -->
<testsuite ignored="0" hostname="DESKTOP-STK28R4" failures="0" tests="1" name="Test(failed)" time="4.447" errors="0" timestamp="2024-11-22T17:42:41 IST">
  <testcase classname="TestScripts.Base" name="@BeforeMethod browserinitailzation" time="4.298">
    <failure type="java.lang.NullPointerException" message="Cannot invoke &amp;quot;java.lang.Class.getConstructor(java.lang.Class[])&amp;quot; because &amp;quot;pageClassToProxy&amp;quot; is null">
      <![CDATA[java.lang.NullPointerException: Cannot invoke "java.lang.Class.getConstructor(java.lang.Class[])" because "pageClassToProxy" is null
at org.openqa.selenium.support.PageFactory.instantiatePage(PageFactory.java:124)
at org.openqa.selenium.support.PageFactory.initElements(PageFactory.java:62)
at PageClasses.QALegendLoginPage.<init>(QALegendLoginPage.java:30)
at TestScripts.Base.browserinitailzation(Base.java:54)
at java.base/java.util.ArrayList.forEach(ArrayList.java:1597)
... Removed 29 stack frames]]>
    </failure>
  </testcase> <!-- @BeforeMethod browserinitailzation -->
  <testcase classname="TestScripts.QALegendItemPageTest" name="addItem" time="0.001">
    <skipped/>
  </testcase> <!-- addItem -->
</testsuite> <!-- Test(failed) -->
