<?xml version="1.0" encoding="UTF-8"?>
<testng-results ignored="0" total="10" passed="10" failed="0" skipped="0">
  <reporter-output>
  </reporter-output>
  <suite started-at="2024-12-13T20:24:37 IST" name="Suite" finished-at="2024-12-13T20:26:09 IST" duration-ms="92061">
    <groups>
      <group name="NotesTest">
        <method signature="QAlegendNotePageTest.addNote()[pri:0, instance:TestScripts.QAlegendNotePageTest@7fbdb894]" name="addNote" class="TestScripts.QAlegendNotePageTest"/>
        <method signature="QAlegendNotePageTest.deleteNote()[pri:0, instance:TestScripts.QAlegendNotePageTest@7fbdb894]" name="deleteNote" class="TestScripts.QAlegendNotePageTest"/>
        <method signature="QAlegendNotePageTest.editNote()[pri:0, instance:TestScripts.QAlegendNotePageTest@7fbdb894]" name="editNote" class="TestScripts.QAlegendNotePageTest"/>
      </group> <!-- NotesTest -->
    </groups>
    <test started-at="2024-12-13T20:24:37 IST" name="Test" finished-at="2024-12-13T20:26:09 IST" duration-ms="92061">
      <class name="TestScripts.QALegendProjectsPageTest">
        <test-method is-config="true" signature="browserinitailzation(java.lang.String)[pri:0, instance:TestScripts.QALegendProjectsPageTest@3148f668]" started-at="2024-12-13T20:25:23 IST" name="browserinitailzation" finished-at="2024-12-13T20:25:26 IST" duration-ms="3177" status="PASS">
          <params>
            <param index="0">
              <value>
                <![CDATA[Chrome]]>
              </value>
            </param>
          </params>
          <reporter-output>
          </reporter-output>
        </test-method> <!-- browserinitailzation -->
        <test-method signature="addProject()[pri:0, instance:TestScripts.QALegendProjectsPageTest@3148f668]" started-at="2024-12-13T20:25:26 IST" name="addProject" finished-at="2024-12-13T20:25:33 IST" duration-ms="6711" status="PASS">
          <reporter-output>
          </reporter-output>
        </test-method> <!-- addProject -->
        <test-method is-config="true" signature="AfterMethod(org.testng.ITestResult)[pri:0, instance:TestScripts.QALegendProjectsPageTest@3148f668]" started-at="2024-12-13T20:25:33 IST" name="AfterMethod" finished-at="2024-12-13T20:25:34 IST" duration-ms="382" status="PASS">
          <params>
            <param index="0">
              <value>
                <![CDATA[[TestResult name=addProject status=SUCCESS method=QALegendProjectsPageTest.addProject()[pri:0, instance:TestScripts.QALegendProjectsPageTest@3148f668] output={null}]]]>
              </value>
            </param>
          </params>
          <reporter-output>
          </reporter-output>
        </test-method> <!-- AfterMethod -->
      </class> <!-- TestScripts.QALegendProjectsPageTest -->
      <class name="TestScripts.QALegendItemPageTest">
        <test-method is-config="true" signature="browserinitailzation(java.lang.String)[pri:0, instance:TestScripts.QALegendItemPageTest@6e005dc9]" started-at="2024-12-13T20:25:34 IST" name="browserinitailzation" finished-at="2024-12-13T20:25:36 IST" duration-ms="2770" status="PASS">
          <params>
            <param index="0">
              <value>
                <![CDATA[Chrome]]>
              </value>
            </param>
          </params>
          <reporter-output>
          </reporter-output>
        </test-method> <!-- browserinitailzation -->
        <test-method signature="addItem()[pri:1, instance:TestScripts.QALegendItemPageTest@6e005dc9]" started-at="2024-12-13T20:25:36 IST" name="addItem" finished-at="2024-12-13T20:25:41 IST" duration-ms="4669" status="PASS">
          <reporter-output>
          </reporter-output>
        </test-method> <!-- addItem -->
        <test-method is-config="true" signature="AfterMethod(org.testng.ITestResult)[pri:0, instance:TestScripts.QALegendItemPageTest@6e005dc9]" started-at="2024-12-13T20:25:41 IST" name="AfterMethod" finished-at="2024-12-13T20:25:41 IST" duration-ms="411" status="PASS">
          <params>
            <param index="0">
              <value>
                <![CDATA[[TestResult name=addItem status=SUCCESS method=QALegendItemPageTest.addItem()[pri:1, instance:TestScripts.QALegendItemPageTest@6e005dc9] output={null}]]]>
              </value>
            </param>
          </params>
          <reporter-output>
          </reporter-output>
        </test-method> <!-- AfterMethod -->
        <test-method is-config="true" signature="browserinitailzation(java.lang.String)[pri:0, instance:TestScripts.QALegendItemPageTest@6e005dc9]" started-at="2024-12-13T20:25:41 IST" name="browserinitailzation" finished-at="2024-12-13T20:25:44 IST" duration-ms="2900" status="PASS">
          <params>
            <param index="0">
              <value>
                <![CDATA[Chrome]]>
              </value>
            </param>
          </params>
          <reporter-output>
          </reporter-output>
        </test-method> <!-- browserinitailzation -->
        <test-method signature="editItem()[pri:2, instance:TestScripts.QALegendItemPageTest@6e005dc9]" started-at="2024-12-13T20:25:44 IST" name="editItem" finished-at="2024-12-13T20:25:51 IST" duration-ms="7040" status="PASS">
          <reporter-output>
          </reporter-output>
        </test-method> <!-- editItem -->
        <test-method is-config="true" signature="AfterMethod(org.testng.ITestResult)[pri:0, instance:TestScripts.QALegendItemPageTest@6e005dc9]" started-at="2024-12-13T20:25:51 IST" name="AfterMethod" finished-at="2024-12-13T20:25:52 IST" duration-ms="371" status="PASS">
          <params>
            <param index="0">
              <value>
                <![CDATA[[TestResult name=editItem status=SUCCESS method=QALegendItemPageTest.editItem()[pri:2, instance:TestScripts.QALegendItemPageTest@6e005dc9] output={null}]]]>
              </value>
            </param>
          </params>
          <reporter-output>
          </reporter-output>
        </test-method> <!-- AfterMethod -->
        <test-method is-config="true" signature="browserinitailzation(java.lang.String)[pri:0, instance:TestScripts.QALegendItemPageTest@6e005dc9]" started-at="2024-12-13T20:25:52 IST" name="browserinitailzation" finished-at="2024-12-13T20:25:55 IST" duration-ms="3009" status="PASS">
          <params>
            <param index="0">
              <value>
                <![CDATA[Chrome]]>
              </value>
            </param>
          </params>
          <reporter-output>
          </reporter-output>
        </test-method> <!-- browserinitailzation -->
        <test-method signature="deleteItem()[pri:3, instance:TestScripts.QALegendItemPageTest@6e005dc9]" started-at="2024-12-13T20:25:55 IST" name="deleteItem" finished-at="2024-12-13T20:26:00 IST" duration-ms="5551" status="PASS">
          <reporter-output>
          </reporter-output>
        </test-method> <!-- deleteItem -->
        <test-method is-config="true" signature="AfterMethod(org.testng.ITestResult)[pri:0, instance:TestScripts.QALegendItemPageTest@6e005dc9]" started-at="2024-12-13T20:26:00 IST" name="AfterMethod" finished-at="2024-12-13T20:26:01 IST" duration-ms="455" status="PASS">
          <params>
            <param index="0">
              <value>
                <![CDATA[[TestResult name=deleteItem status=SUCCESS method=QALegendItemPageTest.deleteItem()[pri:3, instance:TestScripts.QALegendItemPageTest@6e005dc9] output={null}]]]>
              </value>
            </param>
          </params>
          <reporter-output>
          </reporter-output>
        </test-method> <!-- AfterMethod -->
      </class> <!-- TestScripts.QALegendItemPageTest -->
      <class name="TestScripts.QALegendLoginPageTest">
        <test-method is-config="true" signature="browserinitailzation(java.lang.String)[pri:0, instance:TestScripts.QALegendLoginPageTest@10f7f7de]" started-at="2024-12-13T20:24:37 IST" name="browserinitailzation" finished-at="2024-12-13T20:24:41 IST" duration-ms="4267" status="PASS">
          <params>
            <param index="0">
              <value>
                <![CDATA[Chrome]]>
              </value>
            </param>
          </params>
          <reporter-output>
          </reporter-output>
        </test-method> <!-- browserinitailzation -->
        <test-method signature="invalidLogin()[pri:0, instance:TestScripts.QALegendLoginPageTest@10f7f7de]" started-at="2024-12-13T20:24:41 IST" name="invalidLogin" finished-at="2024-12-13T20:24:43 IST" duration-ms="1667" status="PASS">
          <reporter-output>
          </reporter-output>
        </test-method> <!-- invalidLogin -->
        <test-method is-config="true" signature="AfterMethod(org.testng.ITestResult)[pri:0, instance:TestScripts.QALegendLoginPageTest@10f7f7de]" started-at="2024-12-13T20:24:43 IST" name="AfterMethod" finished-at="2024-12-13T20:24:43 IST" duration-ms="469" status="PASS">
          <params>
            <param index="0">
              <value>
                <![CDATA[[TestResult name=invalidLogin status=SUCCESS method=QALegendLoginPageTest.invalidLogin()[pri:0, instance:TestScripts.QALegendLoginPageTest@10f7f7de] output={null}]]]>
              </value>
            </param>
          </params>
          <reporter-output>
          </reporter-output>
        </test-method> <!-- AfterMethod -->
      </class> <!-- TestScripts.QALegendLoginPageTest -->
      <class name="TestScripts.QALegendAnnouncementPageTest">
        <test-method is-config="true" signature="browserinitailzation(java.lang.String)[pri:0, instance:TestScripts.QALegendAnnouncementPageTest@7ceb3185]" started-at="2024-12-13T20:26:01 IST" name="browserinitailzation" finished-at="2024-12-13T20:26:04 IST" duration-ms="3219" status="PASS">
          <params>
            <param index="0">
              <value>
                <![CDATA[Chrome]]>
              </value>
            </param>
          </params>
          <reporter-output>
          </reporter-output>
        </test-method> <!-- browserinitailzation -->
        <test-method signature="addAnnouncement()[pri:0, instance:TestScripts.QALegendAnnouncementPageTest@7ceb3185]" started-at="2024-12-13T20:26:04 IST" name="addAnnouncement" finished-at="2024-12-13T20:26:08 IST" duration-ms="4322" status="PASS">
          <reporter-output>
          </reporter-output>
        </test-method> <!-- addAnnouncement -->
        <test-method is-config="true" signature="AfterMethod(org.testng.ITestResult)[pri:0, instance:TestScripts.QALegendAnnouncementPageTest@7ceb3185]" started-at="2024-12-13T20:26:08 IST" name="AfterMethod" finished-at="2024-12-13T20:26:09 IST" duration-ms="491" status="PASS">
          <params>
            <param index="0">
              <value>
                <![CDATA[[TestResult name=addAnnouncement status=SUCCESS method=QALegendAnnouncementPageTest.addAnnouncement()[pri:0, instance:TestScripts.QALegendAnnouncementPageTest@7ceb3185] output={null}]]]>
              </value>
            </param>
          </params>
          <reporter-output>
          </reporter-output>
        </test-method> <!-- AfterMethod -->
      </class> <!-- TestScripts.QALegendAnnouncementPageTest -->
      <class name="TestScripts.QAlegendNotePageTest">
        <test-method is-config="true" signature="browserinitailzation(java.lang.String)[pri:0, instance:TestScripts.QAlegendNotePageTest@7fbdb894]" started-at="2024-12-13T20:24:43 IST" name="browserinitailzation" finished-at="2024-12-13T20:24:46 IST" duration-ms="2888" status="PASS">
          <params>
            <param index="0">
              <value>
                <![CDATA[Chrome]]>
              </value>
            </param>
          </params>
          <reporter-output>
          </reporter-output>
        </test-method> <!-- browserinitailzation -->
        <test-method signature="addNote()[pri:0, instance:TestScripts.QAlegendNotePageTest@7fbdb894]" started-at="2024-12-13T20:24:46 IST" name="addNote" finished-at="2024-12-13T20:24:52 IST" duration-ms="6063" status="PASS">
          <reporter-output>
          </reporter-output>
        </test-method> <!-- addNote -->
        <test-method is-config="true" signature="AfterMethod(org.testng.ITestResult)[pri:0, instance:TestScripts.QAlegendNotePageTest@7fbdb894]" started-at="2024-12-13T20:24:52 IST" name="AfterMethod" finished-at="2024-12-13T20:24:53 IST" duration-ms="434" status="PASS">
          <params>
            <param index="0">
              <value>
                <![CDATA[[TestResult name=addNote status=SUCCESS method=QAlegendNotePageTest.addNote()[pri:0, instance:TestScripts.QAlegendNotePageTest@7fbdb894] output={null}]]]>
              </value>
            </param>
          </params>
          <reporter-output>
          </reporter-output>
        </test-method> <!-- AfterMethod -->
        <test-method is-config="true" signature="browserinitailzation(java.lang.String)[pri:0, instance:TestScripts.QAlegendNotePageTest@7fbdb894]" started-at="2024-12-13T20:24:53 IST" name="browserinitailzation" finished-at="2024-12-13T20:24:56 IST" duration-ms="3453" status="PASS">
          <params>
            <param index="0">
              <value>
                <![CDATA[Chrome]]>
              </value>
            </param>
          </params>
          <reporter-output>
          </reporter-output>
        </test-method> <!-- browserinitailzation -->
        <test-method signature="deleteNote()[pri:0, instance:TestScripts.QAlegendNotePageTest@7fbdb894]" started-at="2024-12-13T20:24:56 IST" name="deleteNote" finished-at="2024-12-13T20:25:03 IST" duration-ms="6478" status="PASS">
          <reporter-output>
          </reporter-output>
        </test-method> <!-- deleteNote -->
        <test-method is-config="true" signature="AfterMethod(org.testng.ITestResult)[pri:0, instance:TestScripts.QAlegendNotePageTest@7fbdb894]" started-at="2024-12-13T20:25:03 IST" name="AfterMethod" finished-at="2024-12-13T20:25:03 IST" duration-ms="450" status="PASS">
          <params>
            <param index="0">
              <value>
                <![CDATA[[TestResult name=deleteNote status=SUCCESS method=QAlegendNotePageTest.deleteNote()[pri:0, instance:TestScripts.QAlegendNotePageTest@7fbdb894] output={null}]]]>
              </value>
            </param>
          </params>
          <reporter-output>
          </reporter-output>
        </test-method> <!-- AfterMethod -->
        <test-method is-config="true" signature="browserinitailzation(java.lang.String)[pri:0, instance:TestScripts.QAlegendNotePageTest@7fbdb894]" started-at="2024-12-13T20:25:03 IST" name="browserinitailzation" finished-at="2024-12-13T20:25:07 IST" duration-ms="3378" status="PASS">
          <params>
            <param index="0">
              <value>
                <![CDATA[Chrome]]>
              </value>
            </param>
          </params>
          <reporter-output>
          </reporter-output>
        </test-method> <!-- browserinitailzation -->
        <test-method signature="editNote()[pri:0, instance:TestScripts.QAlegendNotePageTest@7fbdb894]" started-at="2024-12-13T20:25:07 IST" name="editNote" finished-at="2024-12-13T20:25:15 IST" duration-ms="8365" status="PASS">
          <reporter-output>
          </reporter-output>
        </test-method> <!-- editNote -->
        <test-method is-config="true" signature="AfterMethod(org.testng.ITestResult)[pri:0, instance:TestScripts.QAlegendNotePageTest@7fbdb894]" started-at="2024-12-13T20:25:15 IST" name="AfterMethod" finished-at="2024-12-13T20:25:15 IST" duration-ms="403" status="PASS">
          <params>
            <param index="0">
              <value>
                <![CDATA[[TestResult name=editNote status=SUCCESS method=QAlegendNotePageTest.editNote()[pri:0, instance:TestScripts.QAlegendNotePageTest@7fbdb894] output={null}]]]>
              </value>
            </param>
          </params>
          <reporter-output>
          </reporter-output>
        </test-method> <!-- AfterMethod -->
      </class> <!-- TestScripts.QAlegendNotePageTest -->
      <class name="TestScripts.QALegendClientPageTest">
        <test-method is-config="true" signature="browserinitailzation(java.lang.String)[pri:0, instance:TestScripts.QALegendClientPageTest@3081f72c]" started-at="2024-12-13T20:25:15 IST" name="browserinitailzation" finished-at="2024-12-13T20:25:18 IST" duration-ms="2964" status="PASS">
          <params>
            <param index="0">
              <value>
                <![CDATA[Chrome]]>
              </value>
            </param>
          </params>
          <reporter-output>
          </reporter-output>
        </test-method> <!-- browserinitailzation -->
        <test-method signature="addClient()[pri:0, instance:TestScripts.QALegendClientPageTest@3081f72c]" started-at="2024-12-13T20:25:18 IST" name="addClient" finished-at="2024-12-13T20:25:23 IST" duration-ms="4653" status="PASS">
          <reporter-output>
          </reporter-output>
        </test-method> <!-- addClient -->
        <test-method is-config="true" signature="AfterMethod(org.testng.ITestResult)[pri:0, instance:TestScripts.QALegendClientPageTest@3081f72c]" started-at="2024-12-13T20:25:23 IST" name="AfterMethod" finished-at="2024-12-13T20:25:23 IST" duration-ms="392" status="PASS">
          <params>
            <param index="0">
              <value>
                <![CDATA[[TestResult name=addClient status=SUCCESS method=QALegendClientPageTest.addClient()[pri:0, instance:TestScripts.QALegendClientPageTest@3081f72c] output={null}]]]>
              </value>
            </param>
          </params>
          <reporter-output>
          </reporter-output>
        </test-method> <!-- AfterMethod -->
      </class> <!-- TestScripts.QALegendClientPageTest -->
    </test> <!-- Test -->
  </suite> <!-- Suite -->
</testng-results>
