<?xml version="1.0" encoding="UTF-8"?>
<testng-results ignored="0" total="1" passed="1" failed="0" skipped="0">
  <reporter-output>
  </reporter-output>
  <suite started-at="2024-12-06T14:09:02 IST" name="Suite" finished-at="2024-12-06T14:09:14 IST" duration-ms="11478">
    <groups>
    </groups>
    <test started-at="2024-12-06T14:09:02 IST" name="Test" finished-at="2024-12-06T14:09:14 IST" duration-ms="11478">
      <class name="TestScripts.QALegendAnnouncementPageTest">
        <test-method is-config="true" signature="browserinitailzation(java.lang.String)[pri:0, instance:TestScripts.QALegendAnnouncementPageTest@4eaf3684]" started-at="2024-12-06T14:09:02 IST" name="browserinitailzation" finished-at="2024-12-06T14:09:07 IST" duration-ms="4871" status="PASS">
          <params>
            <param index="0">
              <value>
                <![CDATA[Chrome]]>
              </value>
            </param>
          </params>
          <reporter-output>
          </reporter-output>
        </test-method> <!-- browserinitailzation -->
        <test-method signature="addAnnouncement()[pri:0, instance:TestScripts.QALegendAnnouncementPageTest@4eaf3684]" started-at="2024-12-06T14:09:07 IST" name="addAnnouncement" finished-at="2024-12-06T14:09:14 IST" duration-ms="6492" status="PASS">
          <reporter-output>
          </reporter-output>
        </test-method> <!-- addAnnouncement -->
      </class> <!-- TestScripts.QALegendAnnouncementPageTest -->
    </test> <!-- Test -->
  </suite> <!-- Suite -->
</testng-results>
